=== 5nm Benchmark GPU Monitor ===
Started: Sat May  9 22:49:28 UTC 2026
--- Sat May  9 22:49:28 UTC 2026 ---
Device  Node  IDs              Temp        Power     Partitions          SCLK     MCLK     Fan  Perf  PwrCap  VRAM%  GPU%  
0       1     0x74b5,   21947  48.0°C      310.0W    NPS1, SPX, 0        2094Mhz  1300Mhz  0%   auto  750.0W  91%    100%  

--- Sat May  9 22:49:58 UTC 2026 ---
Device  Node  IDs              Temp        Power     Partitions          SCLK     MCLK     Fan  Perf  PwrCap  VRAM%  GPU%  
0       1     0x74b5,   21947  48.0°C      309.0W    NPS1, SPX, 0        2094Mhz  1300Mhz  0%   auto  750.0W  91%    100%  

--- Sat May  9 22:50:28 UTC 2026 ---
Device  Node  IDs              Temp        Power     Partitions          SCLK     MCLK     Fan  Perf  PwrCap  VRAM%  GPU%  
0       1     0x74b5,   21947  48.0°C      308.0W    NPS1, SPX, 0        2094Mhz  1300Mhz  0%   auto  750.0W  91%    100%  

--- Sat May  9 22:50:58 UTC 2026 ---
Device  Node  IDs              Temp        Power     Partitions          SCLK     MCLK     Fan  Perf  PwrCap  VRAM%  GPU%  
0       1     0x74b5,   21947  48.0°C      313.0W    NPS1, SPX, 0        2094Mhz  1300Mhz  0%   auto  750.0W  91%    100%  

--- Sat May  9 22:51:28 UTC 2026 ---
Device  Node  IDs              Temp        Power     Partitions          SCLK     MCLK     Fan  Perf  PwrCap  VRAM%  GPU%  
0       1     0x74b5,   21947  48.0°C      309.0W    NPS1, SPX, 0        2094Mhz  1300Mhz  0%   auto  750.0W  91%    100%  

--- Sat May  9 22:51:59 UTC 2026 ---
Device  Node  IDs              Temp        Power     Partitions          SCLK     MCLK     Fan  Perf  PwrCap  VRAM%  GPU%  
0       1     0x74b5,   21947  48.0°C      309.0W    NPS1, SPX, 0        2094Mhz  1300Mhz  0%   auto  750.0W  91%    100%  

--- Sat May  9 22:52:29 UTC 2026 ---
Device  Node  IDs              Temp        Power     Partitions          SCLK     MCLK     Fan  Perf  PwrCap  VRAM%  GPU%  
0       1     0x74b5,   21947  48.0°C      314.0W    NPS1, SPX, 0        2094Mhz  1300Mhz  0%   auto  750.0W  91%    100%  

--- Sat May  9 22:52:59 UTC 2026 ---
Device  Node  IDs              Temp        Power     Partitions          SCLK     MCLK     Fan  Perf  PwrCap  VRAM%  GPU%  
0       1     0x74b5,   21947  48.0°C      309.0W    NPS1, SPX, 0        2094Mhz  1300Mhz  0%   auto  750.0W  91%    100%  

--- Sat May  9 22:53:29 UTC 2026 ---
Device  Node  IDs              Temp        Power     Partitions          SCLK     MCLK     Fan  Perf  PwrCap  VRAM%  GPU%  
0       1     0x74b5,   21947  48.0°C      312.0W    NPS1, SPX, 0        2095Mhz  1300Mhz  0%   auto  750.0W  91%    100%  

--- Sat May  9 22:53:59 UTC 2026 ---
Device  Node  IDs              Temp        Power     Partitions          SCLK     MCLK     Fan  Perf  PwrCap  VRAM%  GPU%  
0       1     0x74b5,   21947  48.0°C      311.0W    NPS1, SPX, 0        2093Mhz  1300Mhz  0%   auto  750.0W  91%    100%  

--- Sat May  9 22:54:29 UTC 2026 ---
Device  Node  IDs              Temp        Power     Partitions          SCLK     MCLK     Fan  Perf  PwrCap  VRAM%  GPU%  
0       1     0x74b5,   21947  48.0°C      309.0W    NPS1, SPX, 0        2095Mhz  1300Mhz  0%   auto  750.0W  91%    100%  

--- Sat May  9 22:54:59 UTC 2026 ---
Device  Node  IDs              Temp        Power     Partitions          SCLK     MCLK     Fan  Perf  PwrCap  VRAM%  GPU%  
0       1     0x74b5,   21947  48.0°C      313.0W    NPS1, SPX, 0        2094Mhz  1300Mhz  0%   auto  750.0W  91%    100%  

--- Sat May  9 22:55:29 UTC 2026 ---
Device  Node  IDs              Temp        Power     Partitions          SCLK     MCLK     Fan  Perf  PwrCap  VRAM%  GPU%  
0       1     0x74b5,   21947  48.0°C      311.0W    NPS1, SPX, 0        2095Mhz  1300Mhz  0%   auto  750.0W  91%    100%  

--- Sat May  9 22:55:59 UTC 2026 ---
Device  Node  IDs              Temp        Power     Partitions          SCLK     MCLK     Fan  Perf  PwrCap  VRAM%  GPU%  
0       1     0x74b5,   21947  49.0°C      313.0W    NPS1, SPX, 0        2095Mhz  1300Mhz  0%   auto  750.0W  91%    100%  

--- Sat May  9 22:56:29 UTC 2026 ---
Device  Node  IDs              Temp        Power     Partitions          SCLK     MCLK     Fan  Perf  PwrCap  VRAM%  GPU%  
0       1     0x74b5,   21947  48.0°C      311.0W    NPS1, SPX, 0        2095Mhz  1300Mhz  0%   auto  750.0W  91%    100%  

--- Sat May  9 22:57:00 UTC 2026 ---
Device  Node  IDs              Temp        Power     Partitions          SCLK     MCLK     Fan  Perf  PwrCap  VRAM%  GPU%  
0       1     0x74b5,   21947  49.0°C      311.0W    NPS1, SPX, 0        2095Mhz  1300Mhz  0%   auto  750.0W  91%    100%  

--- Sat May  9 22:57:30 UTC 2026 ---
Device  Node  IDs              Temp        Power     Partitions          SCLK     MCLK     Fan  Perf  PwrCap  VRAM%  GPU%  
0       1     0x74b5,   21947  48.0°C      310.0W    NPS1, SPX, 0        2095Mhz  1300Mhz  0%   auto  750.0W  91%    100%  

--- Sat May  9 22:58:00 UTC 2026 ---
Device  Node  IDs              Temp        Power     Partitions          SCLK     MCLK     Fan  Perf  PwrCap  VRAM%  GPU%  
0       1     0x74b5,   21947  48.0°C      311.0W    NPS1, SPX, 0        2093Mhz  1300Mhz  0%   auto  750.0W  91%    100%  

--- Sat May  9 22:58:30 UTC 2026 ---
Device  Node  IDs              Temp        Power     Partitions          SCLK     MCLK     Fan  Perf  PwrCap  VRAM%  GPU%  
0       1     0x74b5,   21947  48.0°C      315.0W    NPS1, SPX, 0        2095Mhz  1300Mhz  0%   auto  750.0W  91%    100%  

--- Sat May  9 22:59:00 UTC 2026 ---
Device  Node  IDs              Temp        Power     Partitions          SCLK     MCLK     Fan  Perf  PwrCap  VRAM%  GPU%  
0       1     0x74b5,   21947  50.0°C      313.0W    NPS1, SPX, 0        2095Mhz  1300Mhz  0%   auto  750.0W  91%    100%  

--- Sat May  9 22:59:30 UTC 2026 ---
Device  Node  IDs              Temp        Power     Partitions          SCLK     MCLK     Fan  Perf  PwrCap  VRAM%  GPU%  
0       1     0x74b5,   21947  52.0°C      320.0W    NPS1, SPX, 0        2094Mhz  1300Mhz  0%   auto  750.0W  91%    100%  

--- Sat May  9 23:00:00 UTC 2026 ---
Device  Node  IDs              Temp        Power     Partitions          SCLK     MCLK     Fan  Perf  PwrCap  VRAM%  GPU%  
0       1     0x74b5,   21947  54.0°C      320.0W    NPS1, SPX, 0        2095Mhz  1300Mhz  0%   auto  750.0W  91%    100%  

--- Sat May  9 23:00:30 UTC 2026 ---
Device  Node  IDs              Temp        Power     Partitions          SCLK     MCLK     Fan  Perf  PwrCap  VRAM%  GPU%  
0       1     0x74b5,   21947  55.0°C      325.0W    NPS1, SPX, 0        2095Mhz  1300Mhz  0%   auto  750.0W  91%    100%  

--- Sat May  9 23:01:00 UTC 2026 ---
Device  Node  IDs              Temp        Power     Partitions          SCLK     MCLK     Fan  Perf  PwrCap  VRAM%  GPU%  
0       1     0x74b5,   21947  56.0°C      324.0W    NPS1, SPX, 0        2095Mhz  1300Mhz  0%   auto  750.0W  91%    100%  

--- Sat May  9 23:01:30 UTC 2026 ---
Device  Node  IDs              Temp        Power     Partitions          SCLK     MCLK     Fan  Perf  PwrCap  VRAM%  GPU%  
0       1     0x74b5,   21947  56.0°C      326.0W    NPS1, SPX, 0        2096Mhz  1300Mhz  0%   auto  750.0W  91%    100%  

--- Sat May  9 23:02:01 UTC 2026 ---
Device  Node  IDs              Temp        Power     Partitions          SCLK     MCLK     Fan  Perf  PwrCap  VRAM%  GPU%  
0       1     0x74b5,   21947  53.0°C      318.0W    NPS1, SPX, 0        2094Mhz  1300Mhz  0%   auto  750.0W  91%    100%  

--- Sat May  9 23:02:31 UTC 2026 ---
Device  Node  IDs              Temp        Power     Partitions          SCLK     MCLK     Fan  Perf  PwrCap  VRAM%  GPU%  
0       1     0x74b5,   21947  50.0°C      313.0W    NPS1, SPX, 0        2095Mhz  1300Mhz  0%   auto  750.0W  91%    100%  

--- Sat May  9 23:03:01 UTC 2026 ---
Device  Node  IDs              Temp        Power     Partitions          SCLK     MCLK     Fan  Perf  PwrCap  VRAM%  GPU%  
0       1     0x74b5,   21947  50.0°C      313.0W    NPS1, SPX, 0        2096Mhz  1300Mhz  0%   auto  750.0W  91%    100%  

--- Sat May  9 23:03:31 UTC 2026 ---
Device  Node  IDs              Temp        Power     Partitions          SCLK     MCLK     Fan  Perf  PwrCap  VRAM%  GPU%  
0       1     0x74b5,   21947  50.0°C      311.0W    NPS1, SPX, 0        2095Mhz  1300Mhz  0%   auto  750.0W  91%    100%  

--- Sat May  9 23:04:01 UTC 2026 ---
Device  Node  IDs              Temp        Power     Partitions          SCLK     MCLK     Fan  Perf  PwrCap  VRAM%  GPU%  
0       1     0x74b5,   21947  51.0°C      321.0W    NPS1, SPX, 0        2093Mhz  1300Mhz  0%   auto  750.0W  91%    100%  

--- Sat May  9 23:04:31 UTC 2026 ---
Device  Node  IDs              Temp        Power     Partitions          SCLK     MCLK     Fan  Perf  PwrCap  VRAM%  GPU%  
0       1     0x74b5,   21947  50.0°C      313.0W    NPS1, SPX, 0        2095Mhz  1300Mhz  0%   auto  750.0W  91%    100%  

--- Sat May  9 23:05:01 UTC 2026 ---
Device  Node  IDs              Temp        Power     Partitions          SCLK     MCLK     Fan  Perf  PwrCap  VRAM%  GPU%  
0       1     0x74b5,   21947  50.0°C      314.0W    NPS1, SPX, 0        2096Mhz  1300Mhz  0%   auto  750.0W  91%    100%  

--- Sat May  9 23:05:31 UTC 2026 ---
Device  Node  IDs              Temp        Power     Partitions          SCLK     MCLK     Fan  Perf  PwrCap  VRAM%  GPU%  
0       1     0x74b5,   21947  50.0°C      312.0W    NPS1, SPX, 0        2094Mhz  1300Mhz  0%   auto  750.0W  91%    100%  

--- Sat May  9 23:06:01 UTC 2026 ---
Device  Node  IDs              Temp        Power     Partitions          SCLK     MCLK     Fan  Perf  PwrCap  VRAM%  GPU%  
0       1     0x74b5,   21947  50.0°C      313.0W    NPS1, SPX, 0        2095Mhz  1300Mhz  0%   auto  750.0W  91%    100%  

--- Sat May  9 23:06:31 UTC 2026 ---
Device  Node  IDs              Temp        Power     Partitions          SCLK     MCLK     Fan  Perf  PwrCap  VRAM%  GPU%  
0       1     0x74b5,   21947  50.0°C      314.0W    NPS1, SPX, 0        2095Mhz  1300Mhz  0%   auto  750.0W  91%    100%  

--- Sat May  9 23:07:02 UTC 2026 ---
Device  Node  IDs              Temp        Power     Partitions          SCLK     MCLK     Fan  Perf  PwrCap  VRAM%  GPU%  
0       1     0x74b5,   21947  51.0°C      315.0W    NPS1, SPX, 0        2094Mhz  1300Mhz  0%   auto  750.0W  91%    100%  

--- Sat May  9 23:07:32 UTC 2026 ---
Device  Node  IDs              Temp        Power     Partitions          SCLK     MCLK     Fan  Perf  PwrCap  VRAM%  GPU%  
0       1     0x74b5,   21947  51.0°C      319.0W    NPS1, SPX, 0        2092Mhz  1300Mhz  0%   auto  750.0W  91%    100%  

--- Sat May  9 23:08:02 UTC 2026 ---
Device  Node  IDs              Temp        Power     Partitions          SCLK     MCLK     Fan  Perf  PwrCap  VRAM%  GPU%  
0       1     0x74b5,   21947  51.0°C      314.0W    NPS1, SPX, 0        2094Mhz  1300Mhz  0%   auto  750.0W  91%    100%  

--- Sat May  9 23:08:32 UTC 2026 ---
Device  Node  IDs              Temp        Power     Partitions          SCLK     MCLK     Fan  Perf  PwrCap  VRAM%  GPU%  
0       1     0x74b5,   21947  50.0°C      316.0W    NPS1, SPX, 0        2095Mhz  1300Mhz  0%   auto  750.0W  91%    100%  

--- Sat May  9 23:09:02 UTC 2026 ---
Device  Node  IDs              Temp        Power     Partitions          SCLK     MCLK     Fan  Perf  PwrCap  VRAM%  GPU%  
0       1     0x74b5,   21947  51.0°C      314.0W    NPS1, SPX, 0        2094Mhz  1300Mhz  0%   auto  750.0W  91%    100%  

--- Sat May  9 23:09:32 UTC 2026 ---
Device  Node  IDs              Temp        Power     Partitions          SCLK     MCLK     Fan  Perf  PwrCap  VRAM%  GPU%  
0       1     0x74b5,   21947  50.0°C      313.0W    NPS1, SPX, 0        2094Mhz  1300Mhz  0%   auto  750.0W  91%    100%  

--- Sat May  9 23:10:02 UTC 2026 ---
Device  Node  IDs              Temp        Power     Partitions          SCLK     MCLK     Fan  Perf  PwrCap  VRAM%  GPU%  
0       1     0x74b5,   21947  50.0°C      317.0W    NPS1, SPX, 0        2095Mhz  1300Mhz  0%   auto  750.0W  91%    100%  

--- Sat May  9 23:10:32 UTC 2026 ---
Device  Node  IDs              Temp        Power     Partitions          SCLK     MCLK     Fan  Perf  PwrCap  VRAM%  GPU%  
0       1     0x74b5,   21947  50.0°C      314.0W    NPS1, SPX, 0        2094Mhz  1300Mhz  0%   auto  750.0W  91%    100%  

--- Sat May  9 23:11:02 UTC 2026 ---
Device  Node  IDs              Temp        Power     Partitions          SCLK     MCLK     Fan  Perf  PwrCap  VRAM%  GPU%  
0       1     0x74b5,   21947  50.0°C      312.0W    NPS1, SPX, 0        2095Mhz  1300Mhz  0%   auto  750.0W  91%    100%  

--- Sat May  9 23:11:32 UTC 2026 ---
Device  Node  IDs              Temp        Power     Partitions          SCLK     MCLK     Fan  Perf  PwrCap  VRAM%  GPU%  
0       1     0x74b5,   21947  50.0°C      317.0W    NPS1, SPX, 0        2095Mhz  1300Mhz  0%   auto  750.0W  91%    100%  

--- Sat May  9 23:12:03 UTC 2026 ---
Device  Node  IDs              Temp        Power     Partitions          SCLK     MCLK     Fan  Perf  PwrCap  VRAM%  GPU%  
0       1     0x74b5,   21947  50.0°C      317.0W    NPS1, SPX, 0        2095Mhz  1300Mhz  0%   auto  750.0W  91%    100%  

--- Sat May  9 23:12:33 UTC 2026 ---
Device  Node  IDs              Temp        Power     Partitions          SCLK     MCLK     Fan  Perf  PwrCap  VRAM%  GPU%  
0       1     0x74b5,   21947  50.0°C      313.0W    NPS1, SPX, 0        2095Mhz  1300Mhz  0%   auto  750.0W  91%    100%  

--- Sat May  9 23:13:03 UTC 2026 ---
Device  Node  IDs              Temp        Power     Partitions          SCLK     MCLK     Fan  Perf  PwrCap  VRAM%  GPU%  
0       1     0x74b5,   21947  50.0°C      313.0W    NPS1, SPX, 0        2094Mhz  1300Mhz  0%   auto  750.0W  91%    100%  

--- Sat May  9 23:13:33 UTC 2026 ---
Device  Node  IDs              Temp        Power     Partitions          SCLK     MCLK     Fan  Perf  PwrCap  VRAM%  GPU%  
0       1     0x74b5,   21947  50.0°C      313.0W    NPS1, SPX, 0        2095Mhz  1300Mhz  0%   auto  750.0W  91%    100%  

--- Sat May  9 23:14:03 UTC 2026 ---
Device  Node  IDs              Temp        Power     Partitions          SCLK     MCLK     Fan  Perf  PwrCap  VRAM%  GPU%  
0       1     0x74b5,   21947  50.0°C      312.0W    NPS1, SPX, 0        2095Mhz  1300Mhz  0%   auto  750.0W  91%    100%  

--- Sat May  9 23:14:33 UTC 2026 ---
Device  Node  IDs              Temp        Power     Partitions          SCLK     MCLK     Fan  Perf  PwrCap  VRAM%  GPU%  
0       1     0x74b5,   21947  49.0°C      312.0W    NPS1, SPX, 0        2094Mhz  1300Mhz  0%   auto  750.0W  91%    100%  

--- Sat May  9 23:15:03 UTC 2026 ---
Device  Node  IDs              Temp        Power     Partitions          SCLK     MCLK     Fan  Perf  PwrCap  VRAM%  GPU%  
0       1     0x74b5,   21947  48.0°C      309.0W    NPS1, SPX, 0        2095Mhz  1300Mhz  0%   auto  750.0W  91%    100%  

--- Sat May  9 23:15:33 UTC 2026 ---
Device  Node  IDs              Temp        Power     Partitions          SCLK     MCLK     Fan  Perf  PwrCap  VRAM%  GPU%  
0       1     0x74b5,   21947  50.0°C      319.0W    NPS1, SPX, 0        2095Mhz  1300Mhz  0%   auto  750.0W  91%    100%  

--- Sat May  9 23:16:03 UTC 2026 ---
Device  Node  IDs              Temp        Power     Partitions          SCLK     MCLK     Fan  Perf  PwrCap  VRAM%  GPU%  
0       1     0x74b5,   21947  51.0°C      315.0W    NPS1, SPX, 0        2095Mhz  1300Mhz  0%   auto  750.0W  91%    100%  

--- Sat May  9 23:16:33 UTC 2026 ---
Device  Node  IDs              Temp        Power     Partitions          SCLK     MCLK     Fan  Perf  PwrCap  VRAM%  GPU%  
0       1     0x74b5,   21947  50.0°C      313.0W    NPS1, SPX, 0        2094Mhz  1300Mhz  0%   auto  750.0W  91%    100%  

--- Sat May  9 23:17:04 UTC 2026 ---
Device  Node  IDs              Temp        Power     Partitions          SCLK     MCLK     Fan  Perf  PwrCap  VRAM%  GPU%  
0       1     0x74b5,   21947  50.0°C      312.0W    NPS1, SPX, 0        2094Mhz  1300Mhz  0%   auto  750.0W  91%    100%  

--- Sat May  9 23:17:34 UTC 2026 ---
Device  Node  IDs              Temp        Power     Partitions          SCLK     MCLK     Fan  Perf  PwrCap  VRAM%  GPU%  
0       1     0x74b5,   21947  50.0°C      314.0W    NPS1, SPX, 0        2095Mhz  1300Mhz  0%   auto  750.0W  91%    100%  

--- Sat May  9 23:18:04 UTC 2026 ---
Device  Node  IDs              Temp        Power     Partitions          SCLK     MCLK     Fan  Perf  PwrCap  VRAM%  GPU%  
0       1     0x74b5,   21947  50.0°C      314.0W    NPS1, SPX, 0        2095Mhz  1300Mhz  0%   auto  750.0W  91%    100%  

--- Sat May  9 23:18:34 UTC 2026 ---
Device  Node  IDs              Temp        Power     Partitions          SCLK     MCLK     Fan  Perf  PwrCap  VRAM%  GPU%  
0       1     0x74b5,   21947  50.0°C      312.0W    NPS1, SPX, 0        2094Mhz  1300Mhz  0%   auto  750.0W  91%    100%  

--- Sat May  9 23:19:04 UTC 2026 ---
Device  Node  IDs              Temp        Power     Partitions          SCLK     MCLK     Fan  Perf  PwrCap  VRAM%  GPU%  
0       1     0x74b5,   21947  50.0°C      313.0W    NPS1, SPX, 0        2094Mhz  1300Mhz  0%   auto  750.0W  91%    100%  

--- Sat May  9 23:19:34 UTC 2026 ---
Device  Node  IDs              Temp        Power     Partitions          SCLK     MCLK     Fan  Perf  PwrCap  VRAM%  GPU%  
0       1     0x74b5,   21947  50.0°C      313.0W    NPS1, SPX, 0        2095Mhz  1300Mhz  0%   auto  750.0W  91%    100%  

--- Sat May  9 23:20:04 UTC 2026 ---
Device  Node  IDs              Temp        Power     Partitions          SCLK     MCLK     Fan  Perf  PwrCap  VRAM%  GPU%  
0       1     0x74b5,   21947  50.0°C      313.0W    NPS1, SPX, 0        2094Mhz  1300Mhz  0%   auto  750.0W  91%    100%  

--- Sat May  9 23:20:34 UTC 2026 ---
Device  Node  IDs              Temp        Power     Partitions          SCLK     MCLK     Fan  Perf  PwrCap  VRAM%  GPU%  
0       1     0x74b5,   21947  50.0°C      314.0W    NPS1, SPX, 0        2095Mhz  1300Mhz  0%   auto  750.0W  91%    100%  

--- Sat May  9 23:21:04 UTC 2026 ---
Device  Node  IDs              Temp        Power     Partitions          SCLK     MCLK     Fan  Perf  PwrCap  VRAM%  GPU%  
0       1     0x74b5,   21947  50.0°C      316.0W    NPS1, SPX, 0        2095Mhz  1300Mhz  0%   auto  750.0W  91%    100%  

--- Sat May  9 23:21:34 UTC 2026 ---
Device  Node  IDs              Temp        Power     Partitions          SCLK     MCLK     Fan  Perf  PwrCap  VRAM%  GPU%  
0       1     0x74b5,   21947  50.0°C      311.0W    NPS1, SPX, 0        2095Mhz  1300Mhz  0%   auto  750.0W  91%    100%  

--- Sat May  9 23:22:04 UTC 2026 ---
Device  Node  IDs              Temp        Power     Partitions          SCLK     MCLK     Fan  Perf  PwrCap  VRAM%  GPU%  
0       1     0x74b5,   21947  51.0°C      315.0W    NPS1, SPX, 0        2095Mhz  1300Mhz  0%   auto  750.0W  91%    100%  

--- Sat May  9 23:22:35 UTC 2026 ---
Device  Node  IDs              Temp        Power     Partitions          SCLK     MCLK     Fan  Perf  PwrCap  VRAM%  GPU%  
0       1     0x74b5,   21947  50.0°C      312.0W    NPS1, SPX, 0        2094Mhz  1300Mhz  0%   auto  750.0W  91%    100%  

--- Sat May  9 23:23:05 UTC 2026 ---
Device  Node  IDs              Temp        Power     Partitions          SCLK     MCLK     Fan  Perf  PwrCap  VRAM%  GPU%  
0       1     0x74b5,   21947  50.0°C      314.0W    NPS1, SPX, 0        2095Mhz  1300Mhz  0%   auto  750.0W  91%    100%  

--- Sat May  9 23:23:35 UTC 2026 ---
Device  Node  IDs              Temp        Power     Partitions          SCLK     MCLK     Fan  Perf  PwrCap  VRAM%  GPU%  
0       1     0x74b5,   21947  50.0°C      314.0W    NPS1, SPX, 0        2095Mhz  1300Mhz  0%   auto  750.0W  91%    100%  

--- Sat May  9 23:24:05 UTC 2026 ---
Device  Node  IDs              Temp        Power     Partitions          SCLK     MCLK     Fan  Perf  PwrCap  VRAM%  GPU%  
0       1     0x74b5,   21947  50.0°C      315.0W    NPS1, SPX, 0        2094Mhz  1300Mhz  0%   auto  750.0W  91%    100%  

--- Sat May  9 23:24:35 UTC 2026 ---
Device  Node  IDs              Temp        Power     Partitions          SCLK     MCLK     Fan  Perf  PwrCap  VRAM%  GPU%  
0       1     0x74b5,   21947  50.0°C      314.0W    NPS1, SPX, 0        2095Mhz  1300Mhz  0%   auto  750.0W  91%    100%  

--- Sat May  9 23:25:05 UTC 2026 ---
Device  Node  IDs              Temp        Power     Partitions          SCLK     MCLK     Fan  Perf  PwrCap  VRAM%  GPU%  
0       1     0x74b5,   21947  50.0°C      318.0W    NPS1, SPX, 0        2094Mhz  1300Mhz  0%   auto  750.0W  91%    100%  

--- Sat May  9 23:25:35 UTC 2026 ---
Device  Node  IDs              Temp        Power     Partitions          SCLK     MCLK     Fan  Perf  PwrCap  VRAM%  GPU%  
0       1     0x74b5,   21947  50.0°C      312.0W    NPS1, SPX, 0        2095Mhz  1300Mhz  0%   auto  750.0W  91%    100%  

--- Sat May  9 23:26:05 UTC 2026 ---
Device  Node  IDs              Temp        Power     Partitions          SCLK     MCLK     Fan  Perf  PwrCap  VRAM%  GPU%  
0       1     0x74b5,   21947  50.0°C      313.0W    NPS1, SPX, 0        2095Mhz  1300Mhz  0%   auto  750.0W  91%    100%  

--- Sat May  9 23:26:35 UTC 2026 ---
Device  Node  IDs              Temp        Power     Partitions          SCLK     MCLK     Fan  Perf  PwrCap  VRAM%  GPU%  
0       1     0x74b5,   21947  50.0°C      313.0W    NPS1, SPX, 0        2095Mhz  1300Mhz  0%   auto  750.0W  91%    100%  

=== Benchmark finished: Sat May  9 23:27:05 UTC 2026 ===
Device  Node  IDs              Temp        Power     Partitions          SCLK     MCLK    Fan  Perf  PwrCap  VRAM%  GPU%  
0       1     0x74b5,   21947  47.0°C      200.0W    NPS1, SPX, 0        2100Mhz  900Mhz  0%   auto  750.0W  90%    0%    
